  [1m[36m (117.4ms)[0m  [1mDROP DATABASE IF EXISTS "sup_locator_users_test"[0m
  [1m[35m (1040.5ms)[0m  CREATE DATABASE "sup_locator_users_test" ENCODING = 'unicode'
  [1m[36m (4.2ms)[0m  [1mCREATE TABLE "schema_migrations" ("version" character varying(255) NOT NULL) [0m
  [1m[35m (2.1ms)[0m  CREATE UNIQUE INDEX "unique_schema_migrations" ON "schema_migrations" ("version")
  [1m[36mActiveRecord::SchemaMigration Load (0.4ms)[0m  [1mSELECT "schema_migrations".* FROM "schema_migrations"[0m
Migrating to CreateUsersUsers (20130721191157)
  [1m[35m (0.2ms)[0m  BEGIN
  [1m[36m (8.5ms)[0m  [1mCREATE TABLE "users_user" ("id" serial primary key, "email" character varying(255), "password_digest" character varying(255), "created_at" timestamp, "updated_at" timestamp) [0m
  [1m[35mSQL (1.6ms)[0m  INSERT INTO "schema_migrations" ("version") VALUES ($1)  [["version", "20130721191157"]]
  [1m[36m (1.0ms)[0m  [1mCOMMIT[0m
  [1m[36m (117.3ms)[0m  [1mDROP DATABASE IF EXISTS "sup_locator_users_test"[0m
  [1m[35m (323.4ms)[0m  CREATE DATABASE "sup_locator_users_test" ENCODING = 'unicode'
  [1m[36mActiveRecord::SchemaMigration Load (0.4ms)[0m  [1mSELECT "schema_migrations".* FROM "schema_migrations"[0m
  [1m[36mActiveRecord::SchemaMigration Load (0.6ms)[0m  [1mSELECT "schema_migrations".* FROM "schema_migrations"[0m
  [1m[35mActiveRecord::SchemaMigration Load (0.2ms)[0m  SELECT "schema_migrations".* FROM "schema_migrations"
  [1m[36m (118.5ms)[0m  [1mDROP DATABASE IF EXISTS "sup_locator_users_test"[0m
  [1m[35m (840.2ms)[0m  CREATE DATABASE "sup_locator_users_test" ENCODING = 'unicode'
  [1m[36m (10.4ms)[0m  [1mCREATE TABLE "users_user" ("id" serial primary key, "email" character varying(255), "password_digest" character varying(255), "created_at" timestamp, "updated_at" timestamp) [0m
  [1m[35m (1.2ms)[0m  CREATE TABLE "schema_migrations" ("version" character varying(255) NOT NULL) 
  [1m[36m (1.8ms)[0m  [1mCREATE UNIQUE INDEX "unique_schema_migrations" ON "schema_migrations" ("version")[0m
  [1m[35m (0.5ms)[0m  SELECT version FROM "schema_migrations"
  [1m[36m (1.5ms)[0m  [1mINSERT INTO "schema_migrations" (version) VALUES ('20130721191157')[0m
  [1m[36m (126.0ms)[0m  [1mDROP DATABASE IF EXISTS "sup_locator_users_test"[0m
  [1m[35m (1217.1ms)[0m  CREATE DATABASE "sup_locator_users_test" ENCODING = 'unicode'
  [1m[36m (9.8ms)[0m  [1mCREATE TABLE "users_user" ("id" serial primary key, "email" character varying(255), "password_digest" character varying(255), "created_at" timestamp, "updated_at" timestamp) [0m
  [1m[35m (1.2ms)[0m  CREATE TABLE "schema_migrations" ("version" character varying(255) NOT NULL) 
  [1m[36m (1.6ms)[0m  [1mCREATE UNIQUE INDEX "unique_schema_migrations" ON "schema_migrations" ("version")[0m
  [1m[35m (0.7ms)[0m  SELECT version FROM "schema_migrations"
  [1m[36m (0.6ms)[0m  [1mINSERT INTO "schema_migrations" (version) VALUES ('20130721191157')[0m
  [1m[36mActiveRecord::SchemaMigration Load (0.8ms)[0m  [1mSELECT "schema_migrations".* FROM "schema_migrations"[0m
  [1m[35mActiveRecord::SchemaMigration Load (0.2ms)[0m  SELECT "schema_migrations".* FROM "schema_migrations"
Migrating to CreateUsersUsers (20130721191157)
  [1m[36m (0.1ms)[0m  [1mBEGIN[0m
  [1m[35m (0.6ms)[0m  DROP TABLE "users_users"
PG::Error: ERROR:  table "users_users" does not exist
: DROP TABLE "users_users"
  [1m[36m (0.1ms)[0m  [1mROLLBACK[0m
  [1m[36mActiveRecord::SchemaMigration Load (0.6ms)[0m  [1mSELECT "schema_migrations".* FROM "schema_migrations"[0m
  [1m[35mActiveRecord::SchemaMigration Load (0.3ms)[0m  SELECT "schema_migrations".* FROM "schema_migrations"
Migrating to CreateUsersUsers (20130721191157)
  [1m[36m (0.2ms)[0m  [1mBEGIN[0m
  [1m[35m (11.4ms)[0m  DROP TABLE "users_user"
  [1m[36mSQL (1.5ms)[0m  [1mDELETE FROM "schema_migrations" WHERE "schema_migrations"."version" = '20130721191157'[0m
  [1m[35m (1.8ms)[0m  COMMIT
  [1m[36mActiveRecord::SchemaMigration Load (0.2ms)[0m  [1mSELECT "schema_migrations".* FROM "schema_migrations"[0m
  [1m[36mActiveRecord::SchemaMigration Load (0.6ms)[0m  [1mSELECT "schema_migrations".* FROM "schema_migrations"[0m
Migrating to CreateUsersUsers (20130721191157)
  [1m[35m (0.2ms)[0m  BEGIN
  [1m[36m (19.7ms)[0m  [1mCREATE TABLE "users_users" ("id" serial primary key, "email" character varying(255), "password_digest" character varying(255), "created_at" timestamp, "updated_at" timestamp) [0m
  [1m[35mSQL (1.9ms)[0m  INSERT INTO "schema_migrations" ("version") VALUES ($1)  [["version", "20130721191157"]]
  [1m[36m (1.7ms)[0m  [1mCOMMIT[0m
  [1m[35mActiveRecord::SchemaMigration Load (2.6ms)[0m  SELECT "schema_migrations".* FROM "schema_migrations"
  [1m[36m (118.4ms)[0m  [1mDROP DATABASE IF EXISTS "sup_locator_users_test"[0m
  [1m[35m (541.9ms)[0m  CREATE DATABASE "sup_locator_users_test" ENCODING = 'unicode'
  [1m[36m (22.8ms)[0m  [1mCREATE TABLE "users_users" ("id" serial primary key, "email" character varying(255), "password_digest" character varying(255), "created_at" timestamp, "updated_at" timestamp) [0m
  [1m[35m (1.3ms)[0m  CREATE TABLE "schema_migrations" ("version" character varying(255) NOT NULL) 
  [1m[36m (8.1ms)[0m  [1mCREATE UNIQUE INDEX "unique_schema_migrations" ON "schema_migrations" ("version")[0m
  [1m[35m (0.5ms)[0m  SELECT version FROM "schema_migrations"
  [1m[36m (207.6ms)[0m  [1mINSERT INTO "schema_migrations" (version) VALUES ('20130721191157')[0m
